<?xml version="1.0" encoding="UTF-8"?>
<!-- Generated by org.testng.reporters.JUnitXMLReporter -->
<testsuite ignored="16" hostname="DESKTOP-TDD8K48" failures="0" tests="2" name="Default test" time="176.017" errors="0" timestamp="2024-11-12T14:31:38 IST">
  <testcase classname="testcases_store.TC_Class2" name="@AfterClass close" time="150.036">
    <failure type="org.openqa.selenium.NoSuchSessionException" message="A session is either terminated or not started
Build info: version: &amp;apos;4.23.0&amp;apos;, revision: &amp;apos;4df0a231af&amp;apos;
System info: os.name: &amp;apos;Windows 10&amp;apos;, os.arch: &amp;apos;amd64&amp;apos;, os.version: &amp;apos;10.0&amp;apos;, java.version: &amp;apos;23&amp;apos;
Driver info: io.appium.java_client.android.AndroidDriver
Command: [06a43124-bcea-449e-bb52-4924e8ae437d, quit {}]
Capabilities {appium:app: C:\Users\Unity\git\reposito..., appium:appPackage: com.revordsstore.app, appium:automationName: UIAutomator2, appium:databaseEnabled: false, appium:desired: {app: C:\Users\Unity\git\reposito..., automationName: UIAutomator2, deviceName: Pixel Tablet API 35, platformName: ANDROID}, appium:deviceApiLevel: 35, appium:deviceManufacturer: Google, appium:deviceModel: sdk_gphone64_x86_64, appium:deviceName: emulator-5554, appium:deviceScreenDensity: 320, appium:deviceScreenSize: 2560x1600, appium:deviceUDID: emulator-5554, appium:javascriptEnabled: true, appium:locationContextEnabled: false, appium:networkConnectionEnabled: true, appium:pixelRatio: 2, appium:platformVersion: 15, appium:statBarHeight: 48, appium:takesScreenshot: true, appium:viewportRect: {height: 1552, left: 0, top: 48, width: 2560}, appium:warnings: {}, appium:webStorageEnabled: false, platformName: ANDROID}
Session ID: 06a43124-bcea-449e-bb52-4924e8ae437d">
      <![CDATA[org.openqa.selenium.NoSuchSessionException: A session is either terminated or not started
Build info: version: '4.23.0', revision: '4df0a231af'
System info: os.name: 'Windows 10', os.arch: 'amd64', os.version: '10.0', java.version: '23'
Driver info: io.appium.java_client.android.AndroidDriver
Command: [06a43124-bcea-449e-bb52-4924e8ae437d, quit {}]
Capabilities {appium:app: C:\Users\Unity\git\reposito..., appium:appPackage: com.revordsstore.app, appium:automationName: UIAutomator2, appium:databaseEnabled: false, appium:desired: {app: C:\Users\Unity\git\reposito..., automationName: UIAutomator2, deviceName: Pixel Tablet API 35, platformName: ANDROID}, appium:deviceApiLevel: 35, appium:deviceManufacturer: Google, appium:deviceModel: sdk_gphone64_x86_64, appium:deviceName: emulator-5554, appium:deviceScreenDensity: 320, appium:deviceScreenSize: 2560x1600, appium:deviceUDID: emulator-5554, appium:javascriptEnabled: true, appium:locationContextEnabled: false, appium:networkConnectionEnabled: true, appium:pixelRatio: 2, appium:platformVersion: 15, appium:statBarHeight: 48, appium:takesScreenshot: true, appium:viewportRect: {height: 1552, left: 0, top: 48, width: 2560}, appium:warnings: {}, appium:webStorageEnabled: false, platformName: ANDROID}
Session ID: 06a43124-bcea-449e-bb52-4924e8ae437d
at java.base/jdk.internal.reflect.DirectConstructorHandleAccessor.newInstance(DirectConstructorHandleAccessor.java:62)
at java.base/java.lang.reflect.Constructor.newInstanceWithCaller(Constructor.java:501)
at java.base/java.lang.reflect.Constructor.newInstance(Constructor.java:485)
at org.openqa.selenium.remote.ErrorCodec.decode(ErrorCodec.java:167)
at org.openqa.selenium.remote.codec.w3c.W3CHttpResponseCodec.decode(W3CHttpResponseCodec.java:138)
at org.openqa.selenium.remote.codec.w3c.W3CHttpResponseCodec.decode(W3CHttpResponseCodec.java:50)
at org.openqa.selenium.remote.HttpCommandExecutor.execute(HttpCommandExecutor.java:190)
at io.appium.java_client.remote.AppiumCommandExecutor.execute(AppiumCommandExecutor.java:237)
at org.openqa.selenium.remote.RemoteWebDriver.execute(RemoteWebDriver.java:527)
at org.openqa.selenium.remote.RemoteWebDriver.execute(RemoteWebDriver.java:600)
at io.appium.java_client.AppiumDriver.execute(AppiumDriver.java:310)
at org.openqa.selenium.remote.RemoteWebDriver.quit(RemoteWebDriver.java:435)
at base.Base.teardown(Base.java:88)
at testcases_store.TC_Class2.close(TC_Class2.java:441)
at java.base/jdk.internal.reflect.DirectMethodHandleAccessor.invoke(DirectMethodHandleAccessor.java:103)
at java.base/java.lang.reflect.Method.invoke(Method.java:580)
at org.testng.internal.invokers.MethodInvocationHelper.invokeMethod(MethodInvocationHelper.java:139)
at org.testng.internal.invokers.MethodInvocationHelper.invokeMethodConsideringTimeout(MethodInvocationHelper.java:69)
at org.testng.internal.invokers.ConfigInvoker.invokeConfigurationMethod(ConfigInvoker.java:361)
at org.testng.internal.invokers.ConfigInvoker.invokeConfigurations(ConfigInvoker.java:296)
at org.testng.internal.invokers.TestMethodWorker.invokeAfterClassMethods(TestMethodWorker.java:222)
at org.testng.internal.invokers.TestMethodWorker.run(TestMethodWorker.java:131)
at java.base/java.util.ArrayList.forEach(ArrayList.java:1597)
at org.testng.TestRunner.privateRun(TestRunner.java:829)
at org.testng.TestRunner.run(TestRunner.java:602)
at org.testng.SuiteRunner.runTest(SuiteRunner.java:437)
at org.testng.SuiteRunner.runSequentially(SuiteRunner.java:431)
at org.testng.SuiteRunner.privateRun(SuiteRunner.java:391)
at org.testng.SuiteRunner.run(SuiteRunner.java:330)
at org.testng.SuiteRunnerWorker.runSuite(SuiteRunnerWorker.java:52)
at org.testng.SuiteRunnerWorker.run(SuiteRunnerWorker.java:95)
at org.testng.TestNG.runSuitesSequentially(TestNG.java:1256)
at org.testng.TestNG.runSuitesLocally(TestNG.java:1176)
at org.testng.TestNG.runSuites(TestNG.java:1099)
at org.testng.TestNG.run(TestNG.java:1067)
at org.testng.remote.AbstractRemoteTestNG.run(AbstractRemoteTestNG.java:115)
at org.testng.remote.RemoteTestNG.initAndRun(RemoteTestNG.java:293)
at org.testng.remote.RemoteTestNG.main(RemoteTestNG.java:91)
]]>
    </failure>
  </testcase> <!-- @AfterClass close -->
  <testcase classname="testcases_store.TC_Class2" name="login_Verify" time="5.864"/>
  <testcase classname="testcases_store.TC_Class2" name="listcheck" time="5.374"/>
  <testcase classname="testcases_store.TC_Class2" name="rewards_visibilty" time="0.0">
    <ignored/>
  </testcase> <!-- rewards_visibilty -->
  <testcase classname="testcases_store.TC_Class2" name="Add_NewUser" time="0.0">
    <ignored/>
  </testcase> <!-- Add_NewUser -->
  <testcase classname="testcases_store.TC_Class2" name="verify_Navigation" time="0.0">
    <ignored/>
  </testcase> <!-- verify_Navigation -->
  <testcase classname="testcases_store.TC_Class2" name="verify_UserSignout_And_Verify_SummaryPage_Details" time="0.0">
    <ignored/>
  </testcase> <!-- verify_UserSignout_And_Verify_SummaryPage_Details -->
  <testcase classname="testcases_store.TC_Class2" name="verify_customerPageRedeemButtom" time="0.0">
    <ignored/>
  </testcase> <!-- verify_customerPageRedeemButtom -->
  <testcase classname="testcases_store.TC_Class2" name="verify_AutoCampaignsRedeemed_on_HistoryPage" time="0.0">
    <ignored/>
  </testcase> <!-- verify_AutoCampaignsRedeemed_on_HistoryPage -->
  <testcase classname="testcases_store.TC_Class2" name="Verify_User_Details" time="0.0">
    <ignored/>
  </testcase> <!-- Verify_User_Details -->
  <testcase classname="testcases_store.TC_Class2" name="verify_redemptionPOPUPonCustomerPage" time="0.0">
    <ignored/>
  </testcase> <!-- verify_redemptionPOPUPonCustomerPage -->
  <testcase classname="testcases_store.TC_Class2" name="verify_PointsEarned_on_HistoryPage" time="0.0">
    <ignored/>
  </testcase> <!-- verify_PointsEarned_on_HistoryPage -->
  <testcase classname="testcases_store.TC_Class2" name="verify_RewardsRedeemed_on_HistoryPage" time="0.0">
    <ignored/>
  </testcase> <!-- verify_RewardsRedeemed_on_HistoryPage -->
  <testcase classname="testcases_store.TC_Class2" name="verify_UserSessionTime" time="0.0">
    <ignored/>
  </testcase> <!-- verify_UserSessionTime -->
  <testcase classname="testcases_store.TC_Class2" name="verify_detailsOnSettingPage" time="0.0">
    <ignored/>
  </testcase> <!-- verify_detailsOnSettingPage -->
  <testcase classname="testcases_store.TC_Class2" name="verify_alreadySigninCustomer" time="0.0">
    <ignored/>
  </testcase> <!-- verify_alreadySigninCustomer -->
  <testcase classname="testcases_store.TC_Class2" name="verify_DateFilterAndActivityFilter_HistoryPage" time="0.0">
    <ignored/>
  </testcase> <!-- verify_DateFilterAndActivityFilter_HistoryPage -->
  <testcase classname="testcases_store.TC_Class2" name="Verify_Dashboard" time="0.0">
    <ignored/>
  </testcase> <!-- Verify_Dashboard -->
  <testcase classname="testcases_store.TC_Class2" name="verify_PromotionRedeemCount_on_HistoryPage" time="0.0">
    <ignored/>
  </testcase> <!-- verify_PromotionRedeemCount_on_HistoryPage -->
</testsuite> <!-- Default test -->
