<?xml version="1.0" encoding="UTF-8"?>
<!-- Generated by org.testng.reporters.JUnitReportReporter -->
<testsuite hostname="DESKTOP-TDD8K48" failures="0" tests="4" name="testcases.TC_Class1" time="61.247" errors="1" timestamp="2024-10-11T10:30:04 IST" skipped="2">
  <testcase classname="testcases.TC_Class1" name="loginTest" time="32.651"/>
  <system-out>
    <![CDATA[Login Success!!!! TC Passed]]>
  </system-out>
  <testcase classname="testcases.TC_Class1" name="HomePageVerify" time="28.596">
    <error message="@$Proxy9: one of [uiAutomator, accessibility, className, id, tagName, name, xpath, linkText, partialLinkText, iOSClassChain, androidDataMatcher, androidViewMatcher, iOSNsPredicate] should be filled" type="java.lang.IllegalArgumentException">
      <![CDATA[java.lang.IllegalArgumentException: @$Proxy9: one of [uiAutomator, accessibility, className, id, tagName, name, xpath, linkText, partialLinkText, iOSClassChain, androidDataMatcher, androidViewMatcher, iOSNsPredicate] should be filled
at io.appium.java_client.pagefactory.bys.builder.AppiumByBuilder.lambda$getFilledValue$4(AppiumByBuilder.java:103)
at java.base/java.util.Optional.orElseThrow(Optional.java:403)
at io.appium.java_client.pagefactory.bys.builder.AppiumByBuilder.getFilledValue(AppiumByBuilder.java:102)
at io.appium.java_client.pagefactory.bys.builder.AppiumByBuilder.createBy(AppiumByBuilder.java:141)
at io.appium.java_client.pagefactory.DefaultElementByBuilder.getBys(DefaultElementByBuilder.java:133)
at io.appium.java_client.pagefactory.DefaultElementByBuilder.buildMobileNativeBy(DefaultElementByBuilder.java:170)
at io.appium.java_client.pagefactory.DefaultElementByBuilder.buildBy(DefaultElementByBuilder.java:199)
at io.appium.java_client.pagefactory.AppiumElementLocatorFactory.createLocator(AppiumElementLocatorFactory.java:93)
at io.appium.java_client.pagefactory.AppiumElementLocatorFactory.createLocator(AppiumElementLocatorFactory.java:78)
at io.appium.java_client.pagefactory.AppiumElementLocatorFactory.createLocator(AppiumElementLocatorFactory.java:33)
at org.openqa.selenium.support.pagefactory.DefaultFieldDecorator.decorate(DefaultFieldDecorator.java:55)
at io.appium.java_client.pagefactory.AppiumFieldDecorator.decorate(AppiumFieldDecorator.java:196)
at org.openqa.selenium.support.PageFactory.proxyFields(PageFactory.java:109)
at org.openqa.selenium.support.PageFactory.initElements(PageFactory.java:101)
at pom_store.Dashboard.<init>(Dashboard.java:30)
at testcases.TC_Class1.HomePageVerify(TC_Class1.java:93)
at java.base/jdk.internal.reflect.DirectMethodHandleAccessor.invoke(DirectMethodHandleAccessor.java:103)
at java.base/java.lang.reflect.Method.invoke(Method.java:580)
at org.testng.internal.invokers.MethodInvocationHelper.invokeMethod(MethodInvocationHelper.java:139)
at org.testng.internal.invokers.TestInvoker.invokeMethod(TestInvoker.java:677)
at org.testng.internal.invokers.TestInvoker.invokeTestMethod(TestInvoker.java:221)
at org.testng.internal.invokers.MethodRunner.runInSequence(MethodRunner.java:50)
at org.testng.internal.invokers.TestInvoker$MethodInvocationAgent.invoke(TestInvoker.java:969)
at org.testng.internal.invokers.TestInvoker.invokeTestMethods(TestInvoker.java:194)
at org.testng.internal.invokers.TestMethodWorker.invokeTestMethods(TestMethodWorker.java:148)
at org.testng.internal.invokers.TestMethodWorker.run(TestMethodWorker.java:128)
at java.base/java.util.ArrayList.forEach(ArrayList.java:1597)
at org.testng.TestRunner.privateRun(TestRunner.java:829)
at org.testng.TestRunner.run(TestRunner.java:602)
at org.testng.SuiteRunner.runTest(SuiteRunner.java:437)
at org.testng.SuiteRunner.runSequentially(SuiteRunner.java:431)
at org.testng.SuiteRunner.privateRun(SuiteRunner.java:391)
at org.testng.SuiteRunner.run(SuiteRunner.java:330)
at org.testng.SuiteRunnerWorker.runSuite(SuiteRunnerWorker.java:52)
at org.testng.SuiteRunnerWorker.run(SuiteRunnerWorker.java:95)
at org.testng.TestNG.runSuitesSequentially(TestNG.java:1256)
at org.testng.TestNG.runSuitesLocally(TestNG.java:1176)
at org.testng.TestNG.runSuites(TestNG.java:1099)
at org.testng.TestNG.run(TestNG.java:1067)
at org.testng.remote.AbstractRemoteTestNG.run(AbstractRemoteTestNG.java:115)
at org.testng.remote.RemoteTestNG.initAndRun(RemoteTestNG.java:293)
at org.testng.remote.RemoteTestNG.main(RemoteTestNG.java:91)
]]>
    </error>
  </testcase> <!-- HomePageVerify -->
  <system-out/>
  <testcase classname="testcases.TC_Class1" name="forgetPassword">
    <skipped/>
  </testcase> <!-- forgetPassword -->
  <system-out/>
  <testcase classname="testcases.TC_Class1" name="Verify_Home_Page_Rewards_Visibilty">
    <skipped/>
  </testcase> <!-- Verify_Home_Page_Rewards_Visibilty -->
  <system-out/>
</testsuite> <!-- testcases.TC_Class1 -->
