<?xml version="1.0" encoding="UTF-8"?>
<!-- Generated by org.testng.reporters.JUnitReportReporter -->
<testsuite hostname="DESKTOP-TDD8K48" failures="0" tests="32" name="testcases_customer.TC_Class1" time="35.822" errors="1" timestamp="2024-11-15T10:06:50 IST" skipped="25">
  <testcase classname="testcases_customer.TC_Class1" name="verify_APP_is_Installed" time="0.107"/>
  <system-out/>
  <testcase classname="testcases_customer.TC_Class1" name="verify_CustomerAppLogin_with_Valid_Credentials" time="4.430"/>
  <system-out/>
  <testcase classname="testcases_customer.TC_Class1" name="verify_Cust_SignIn_with_New_MobileNumber_10_Digit" time="9.734"/>
  <system-out/>
  <testcase classname="testcases_customer.TC_Class1" name="verify_Age_CheckBox" time="0.327"/>
  <system-out/>
  <testcase classname="testcases_customer.TC_Class1" name="validation_Age_CheckBox_customer_APP" time="0.515"/>
  <system-out/>
  <testcase classname="testcases_customer.TC_Class1" name="click_letsStartButton" time="0.559"/>
  <system-out/>
  <testcase classname="testcases_customer.TC_Class1" name="getMessage" time="20.150">
    <error message="Can&#039;t locate an element by this strategy: By.chained({By.xpath: (//android.widget.Toast)[1]})" type="org.openqa.selenium.NoSuchElementException">
      <![CDATA[org.openqa.selenium.NoSuchElementException: Can't locate an element by this strategy: By.chained({By.xpath: (//android.widget.Toast)[1]})
at io.appium.java_client.pagefactory.AppiumElementLocator.findElement(AppiumElementLocator.java:166)
at io.appium.java_client.pagefactory.interceptors.InterceptorOfASingleElement.call(InterceptorOfASingleElement.java:75)
at io.appium.java_client.proxy.Interceptor.intercept(Interceptor.java:78)
at org.openqa.selenium.remote.RemoteWebElement$ByteBuddy$bFY6B4MQ.getAttribute(Unknown Source)
at pom_cutomer.Customer_Info_Page.getToastMessageAgeValidation(Customer_Info_Page.java:272)
at testcases_customer.TC_Class1.getMessage(TC_Class1.java:285)
at java.base/jdk.internal.reflect.DirectMethodHandleAccessor.invoke(DirectMethodHandleAccessor.java:103)
at java.base/java.lang.reflect.Method.invoke(Method.java:580)
at org.testng.internal.invokers.MethodInvocationHelper.invokeMethod(MethodInvocationHelper.java:139)
at org.testng.internal.invokers.TestInvoker.invokeMethod(TestInvoker.java:677)
at org.testng.internal.invokers.TestInvoker.invokeTestMethod(TestInvoker.java:221)
at org.testng.internal.invokers.MethodRunner.runInSequence(MethodRunner.java:50)
at org.testng.internal.invokers.TestInvoker$MethodInvocationAgent.invoke(TestInvoker.java:969)
at org.testng.internal.invokers.TestInvoker.invokeTestMethods(TestInvoker.java:194)
at org.testng.internal.invokers.TestMethodWorker.invokeTestMethods(TestMethodWorker.java:148)
at org.testng.internal.invokers.TestMethodWorker.run(TestMethodWorker.java:128)
at java.base/java.util.ArrayList.forEach(ArrayList.java:1597)
at org.testng.TestRunner.privateRun(TestRunner.java:829)
at org.testng.TestRunner.run(TestRunner.java:602)
at org.testng.SuiteRunner.runTest(SuiteRunner.java:437)
at org.testng.SuiteRunner.runSequentially(SuiteRunner.java:431)
at org.testng.SuiteRunner.privateRun(SuiteRunner.java:391)
at org.testng.SuiteRunner.run(SuiteRunner.java:330)
at org.testng.SuiteRunnerWorker.runSuite(SuiteRunnerWorker.java:52)
at org.testng.SuiteRunnerWorker.run(SuiteRunnerWorker.java:95)
at org.testng.TestNG.runSuitesSequentially(TestNG.java:1256)
at org.testng.TestNG.runSuitesLocally(TestNG.java:1176)
at org.testng.TestNG.runSuites(TestNG.java:1099)
at org.testng.TestNG.run(TestNG.java:1067)
at org.testng.remote.AbstractRemoteTestNG.run(AbstractRemoteTestNG.java:115)
at org.testng.remote.RemoteTestNG.initAndRun(RemoteTestNG.java:293)
at org.testng.remote.RemoteTestNG.main(RemoteTestNG.java:91)
Caused by: org.openqa.selenium.TimeoutException: Expected condition failed: waiting for io.appium.java_client.pagefactory.AppiumElementLocator$WaitingFunction@620c8641 (tried for 1 second(s) with 500 milliseconds interval)
at org.openqa.selenium.support.ui.FluentWait.timeoutException(FluentWait.java:265)
at org.openqa.selenium.support.ui.FluentWait.until(FluentWait.java:228)
at io.appium.java_client.pagefactory.AppiumElementLocator.waitFor(AppiumElementLocator.java:135)
at io.appium.java_client.pagefactory.AppiumElementLocator.findElement(AppiumElementLocator.java:160)
... 31 more
Caused by: org.openqa.selenium.NoSuchElementException: Cannot locate an element using By.chained({By.xpath: (//android.widget.Toast)[1]})
For documentation on this error, please visit: https://www.selenium.dev/documentation/webdriver/troubleshooting/errors#no-such-element-exception
Build info: version: '4.23.0', revision: '4df0a231af'
System info: os.name: 'Windows 10', os.arch: 'amd64', os.version: '10.0', java.version: '23'
Driver info: driver.version: RemoteWebDriver
at io.appium.java_client.pagefactory.bys.builder.ByChained.findElement(ByChained.java:74)
at org.openqa.selenium.remote.ElementLocation$ElementFinder$1.findElement(ElementLocation.java:139)
at org.openqa.selenium.remote.ElementLocation.findElement(ElementLocation.java:59)
at org.openqa.selenium.remote.RemoteWebDriver.findElement(RemoteWebDriver.java:357)
at org.openqa.selenium.remote.RemoteWebDriver.findElement(RemoteWebDriver.java:351)
at io.appium.java_client.pagefactory.bys.ContentMappedBy.findElement(ContentMappedBy.java:54)
at org.openqa.selenium.remote.ElementLocation$ElementFinder$1.findElement(ElementLocation.java:139)
at org.openqa.selenium.remote.ElementLocation.findElement(ElementLocation.java:59)
at org.openqa.selenium.remote.RemoteWebDriver.findElement(RemoteWebDriver.java:357)
at org.openqa.selenium.remote.RemoteWebDriver.findElement(RemoteWebDriver.java:351)
at io.appium.java_client.pagefactory.AppiumElementLocator.lambda$findElement$1(AppiumElementLocator.java:160)
at io.appium.java_client.pagefactory.AppiumElementLocator$WaitingFunction.apply(AppiumElementLocator.java:217)
at io.appium.java_client.pagefactory.AppiumElementLocator$WaitingFunction.apply(AppiumElementLocator.java:210)
at org.openqa.selenium.support.ui.FluentWait.until(FluentWait.java:203)
... 33 more
]]>
    </error>
  </testcase> <!-- getMessage -->
  <system-out>
    <![CDATA[Taking ScreenShot
Saved ScreenShot atC:\Users\Unity\git\repository\Revords\Revords_TestScreenShots\getMessage_15.11.2024.10.06.32.png]]>
  </system-out>
  <testcase classname="testcases_customer.TC_Class1" name="customer_choose_BirthDate">
    <skipped/>
  </testcase> <!-- customer_choose_BirthDate -->
  <system-out/>
  <testcase classname="testcases_customer.TC_Class1" name="verify_YES_NO_Button_InformationPage">
    <skipped/>
  </testcase> <!-- verify_YES_NO_Button_InformationPage -->
  <system-out/>
  <testcase classname="testcases_customer.TC_Class1" name="Click_ContinueButton_At_RevordSummaryPage">
    <skipped/>
  </testcase> <!-- Click_ContinueButton_At_RevordSummaryPage -->
  <system-out/>
  <testcase classname="testcases_customer.TC_Class1" name="verify_CustoerAppLogin_with_Wrong_Credentials">
    <skipped/>
  </testcase> <!-- verify_CustoerAppLogin_with_Wrong_Credentials -->
  <system-out/>
  <testcase classname="testcases_customer.TC_Class1" name="verifyReward_AtSpinWheelPage">
    <skipped/>
  </testcase> <!-- verifyReward_AtSpinWheelPage -->
  <system-out/>
  <testcase classname="testcases_customer.TC_Class1" name="click_letsStartButtonAgain">
    <skipped/>
  </testcase> <!-- click_letsStartButtonAgain -->
  <system-out/>
  <testcase classname="testcases_customer.TC_Class1" name="customer_choose_BirthMonth">
    <skipped/>
  </testcase> <!-- customer_choose_BirthMonth -->
  <system-out/>
  <testcase classname="testcases_customer.TC_Class1" name="verify_POP_yesButton">
    <skipped/>
  </testcase> <!-- verify_POP_yesButton -->
  <system-out/>
  <testcase classname="testcases_customer.TC_Class1" name="verify_POPUP_Cancel_Button">
    <skipped/>
  </testcase> <!-- verify_POPUP_Cancel_Button -->
  <system-out/>
  <testcase classname="testcases_customer.TC_Class1" name="verify_like_Button_At_NearBy_Revords_Businesses">
    <skipped/>
  </testcase> <!-- verify_like_Button_At_NearBy_Revords_Businesses -->
  <system-out/>
  <testcase classname="testcases_customer.TC_Class1" name="click_ContinueButton_Spinwheel">
    <skipped/>
  </testcase> <!-- click_ContinueButton_Spinwheel -->
  <system-out/>
  <testcase classname="testcases_customer.TC_Class1" name="verify_Customer_SignIn_with_9_Digit_MobileNumber">
    <skipped/>
  </testcase> <!-- verify_Customer_SignIn_with_9_Digit_MobileNumber -->
  <system-out/>
  <testcase classname="testcases_customer.TC_Class1" name="VerifyCustomer_CurrentBalance_afterSpin_RevordSummaryPage">
    <skipped/>
  </testcase> <!-- VerifyCustomer_CurrentBalance_afterSpin_RevordSummaryPage -->
  <system-out/>
  <testcase classname="testcases_customer.TC_Class1" name="VerifySpinwheelData_AfterClicking_ContinueButton">
    <skipped/>
  </testcase> <!-- VerifySpinwheelData_AfterClicking_ContinueButton -->
  <system-out/>
  <testcase classname="testcases_customer.TC_Class1" name="verify_termsPageText">
    <skipped/>
  </testcase> <!-- verify_termsPageText -->
  <system-out/>
  <testcase classname="testcases_customer.TC_Class1" name="visibility_TermsANDConditionsPageLink">
    <skipped/>
  </testcase> <!-- visibility_TermsANDConditionsPageLink -->
  <system-out/>
  <testcase classname="testcases_customer.TC_Class1" name="verify_RewardPOPUP">
    <skipped/>
  </testcase> <!-- verify_RewardPOPUP -->
  <system-out/>
  <testcase classname="testcases_customer.TC_Class1" name="verify_EmailTextBox_InformationPage">
    <skipped/>
  </testcase> <!-- verify_EmailTextBox_InformationPage -->
  <system-out/>
  <testcase classname="testcases_customer.TC_Class1" name="click_Age_CheckBox_Again">
    <skipped/>
  </testcase> <!-- click_Age_CheckBox_Again -->
  <system-out/>
  <testcase classname="testcases_customer.TC_Class1" name="verify_Done_Button_At_Nearby_Revords_Business">
    <skipped/>
  </testcase> <!-- verify_Done_Button_At_Nearby_Revords_Business -->
  <system-out/>
  <testcase classname="testcases_customer.TC_Class1" name="clickability_TermsANDConditionsLink">
    <skipped/>
  </testcase> <!-- clickability_TermsANDConditionsLink -->
  <system-out/>
  <testcase classname="testcases_customer.TC_Class1" name="CustomerNameAtRevordSummaryPage">
    <skipped/>
  </testcase> <!-- CustomerNameAtRevordSummaryPage -->
  <system-out/>
  <testcase classname="testcases_customer.TC_Class1" name="verify_customer_BirthMonth_dropdown">
    <skipped/>
  </testcase> <!-- verify_customer_BirthMonth_dropdown -->
  <system-out/>
  <testcase classname="testcases_customer.TC_Class1" name="verify_ContinueButtonAndSpinWheelPage">
    <skipped/>
  </testcase> <!-- verify_ContinueButtonAndSpinWheelPage -->
  <system-out/>
  <testcase classname="testcases_customer.TC_Class1" name="verify_NameTextBox_InformationPage">
    <skipped/>
  </testcase> <!-- verify_NameTextBox_InformationPage -->
  <system-out/>
</testsuite> <!-- testcases_customer.TC_Class1 -->
